2017-02-06 20:37:21,592 [Worker-9] INFO  o.e.m.c.i.l.LifecycleMappingFactory - Using org.maven.ide.eclipse.wtp.WarLifecycleMapping lifecycle mapping for MavenProject: eparking.pl:AccountService:1.0.0 @ /projects/eparking/workspace/eparking/AccountService/pom.xml.
2017-02-06 20:37:23,012 [Worker-9] INFO  o.e.m.w.i.f.ResourceFilteringBuildParticipant - Cleaning filtered folder for AccountService
2017-02-06 20:38:39,835 [Worker-0] INFO  o.e.m.c.i.p.ProjectConfigurationManager - Update started
2017-02-06 20:38:40,145 [Worker-0] INFO  o.e.m.c.i.l.LifecycleMappingFactory - Using org.maven.ide.eclipse.wtp.WarLifecycleMapping lifecycle mapping for MavenProject: eparking.pl:AccountService:1.0.0 @ /projects/eparking/workspace/eparking/AccountService/pom.xml.
2017-02-06 20:38:41,017 [Worker-0] INFO  o.e.m.j.i.AbstractJavaProjectConfigurator - Adding source folder /AccountService/src/main/java
2017-02-06 20:38:41,018 [Worker-0] INFO  o.e.m.j.i.AbstractJavaProjectConfigurator - Adding resource folder /AccountService/src/main/resources
2017-02-06 20:38:41,018 [Worker-0] INFO  o.e.m.j.i.AbstractJavaProjectConfigurator - Adding source folder /AccountService/src/test/java
2017-02-06 20:38:41,018 [Worker-0] INFO  o.e.m.j.i.AbstractJavaProjectConfigurator - Adding resource folder /AccountService/src/test/resources
2017-02-06 20:38:41,729 [Worker-0] INFO  o.e.m.w.i.f.ResourceFilteringBuildParticipant - Cleaning filtered folder for AccountService
2017-02-06 20:38:41,737 [Worker-0] INFO  o.e.m.c.i.p.ProjectConfigurationManager - Update completed: 1 sec
2017-02-06 20:38:56,398 [Worker-12] INFO  o.e.m.i.discovery.MavenDiscovery - No lifecyle mapping found at jar:file:/tmp/RemoteBundleDiscoveryStrategy4607654869639055856.tmp/org.eclipse.m2e.discovery.oss_catalog_1.6.jar_5425799970259217584.jar!/lifecycle%2Forg.eclipse.m2e.discovery.lifecyclemapping.m2e-egit.xml
2017-02-06 20:38:56,398 [Worker-12] WARN  o.e.m.i.discovery.MavenDiscovery - CatalogItem org.eclipse.m2e.discovery.lifecyclemapping.m2e-egit does not contain lifecycle mapping metadata
2017-02-06 20:38:56,399 [Worker-12] INFO  o.e.m.i.discovery.MavenDiscovery - No lifecyle mapping found at jar:file:/tmp/RemoteBundleDiscoveryStrategy4607654869639055856.tmp/org.eclipse.m2e.discovery.oss_catalog_1.6.jar_5425799970259217584.jar!/lifecycle%2Forg.eclipse.m2e.discovery.lifecyclemapping.m2e-subversive.xml
2017-02-06 20:38:56,400 [Worker-12] WARN  o.e.m.i.discovery.MavenDiscovery - CatalogItem org.eclipse.m2e.discovery.lifecyclemapping.m2e-subversive does not contain lifecycle mapping metadata
2017-02-06 20:39:34,137 [Worker-5] INFO  o.e.m.i.launch.MavenLaunchDelegate - /projects/eparking/workspace/eparking/AccountService
2017-02-06 20:39:34,139 [Worker-5] INFO  o.e.m.i.launch.MavenLaunchDelegate -  mvn -B -s /projects/eparking/maven/apache-maven-3.3.9/conf/settings.xml install
2017-02-06 20:39:59,853 [Worker-9] INFO  o.e.m.c.i.p.ProjectConfigurationManager - Update started
2017-02-06 20:40:00,184 [Worker-9] INFO  o.e.m.c.i.l.LifecycleMappingFactory - Using org.maven.ide.eclipse.wtp.WarLifecycleMapping lifecycle mapping for MavenProject: eparking.pl:AccountService:1.0.0 @ /projects/eparking/workspace/eparking/AccountService/pom.xml.
2017-02-06 20:40:00,861 [Worker-9] INFO  o.e.m.j.i.AbstractJavaProjectConfigurator - Adding source folder /AccountService/src/main/java
2017-02-06 20:40:00,862 [Worker-9] INFO  o.e.m.j.i.AbstractJavaProjectConfigurator - Adding resource folder /AccountService/src/main/resources
2017-02-06 20:40:00,862 [Worker-9] INFO  o.e.m.j.i.AbstractJavaProjectConfigurator - Adding source folder /AccountService/src/test/java
2017-02-06 20:40:00,862 [Worker-9] INFO  o.e.m.j.i.AbstractJavaProjectConfigurator - Adding resource folder /AccountService/src/test/resources
2017-02-06 20:40:01,335 [Worker-9] INFO  o.e.m.w.i.f.ResourceFilteringBuildParticipant - Cleaning filtered folder for AccountService
2017-02-06 20:40:01,338 [Worker-9] INFO  o.e.m.c.i.p.ProjectConfigurationManager - Update completed: 1 sec
2017-02-06 20:40:16,327 [Worker-8] INFO  o.e.m.c.i.p.ProjectConfigurationManager - Update started
2017-02-06 20:40:16,741 [Worker-8] INFO  o.e.m.c.i.l.LifecycleMappingFactory - Using org.maven.ide.eclipse.wtp.WarLifecycleMapping lifecycle mapping for MavenProject: eparking.pl:AccountService:1.0.0 @ /projects/eparking/workspace/eparking/AccountService/pom.xml.
2017-02-06 20:40:16,854 [Worker-8] INFO  o.e.m.c.i.l.LifecycleMappingFactory - Using org.maven.ide.eclipse.wtp.WarLifecycleMapping lifecycle mapping for MavenProject: eparking.pl:BillService:1.0.0 @ /projects/eparking/workspace/eparking/BillService/pom.xml.
2017-02-06 20:40:16,889 [Worker-8] INFO  o.e.m.c.i.l.LifecycleMappingFactory - Using org.maven.ide.eclipse.wtp.WarLifecycleMapping lifecycle mapping for MavenProject: eparking.pl:ControlService:1.0.0 @ /projects/eparking/workspace/eparking/ControlService/pom.xml.
2017-02-06 20:40:16,943 [Worker-8] INFO  o.e.m.c.i.l.LifecycleMappingFactory - Using NULL lifecycle mapping for MavenProject: pl.eparking:Eparking:1.0.0 @ /projects/eparking/workspace/eparking/Eparking/pom.xml.
2017-02-06 20:40:16,974 [Worker-8] INFO  o.e.m.c.i.l.LifecycleMappingFactory - Using org.maven.ide.eclipse.wtp.WarLifecycleMapping lifecycle mapping for MavenProject: eparking.pl:EparkingServiceRepository:1.0.0 @ /projects/eparking/workspace/eparking/EparkingServiceRepository/pom.xml.
2017-02-06 20:40:17,188 [Worker-8] INFO  o.e.m.c.i.l.LifecycleMappingFactory - Using org.maven.ide.eclipse.wtp.WarLifecycleMapping lifecycle mapping for MavenProject: eparking.pl:ErrorHandlerService:1.0.0 @ /projects/eparking/workspace/eparking/ErrorHandlerService/pom.xml.
2017-02-06 20:40:17,209 [Worker-8] INFO  o.e.m.c.i.l.LifecycleMappingFactory - Using org.maven.ide.eclipse.wtp.WarLifecycleMapping lifecycle mapping for MavenProject: eparking.pl:ParkingService:1.0.0 @ /projects/eparking/workspace/eparking/ParkingService/pom.xml.
2017-02-06 20:40:17,325 [Worker-8] INFO  o.e.m.c.i.l.LifecycleMappingFactory - Using org.maven.ide.eclipse.wtp.WarLifecycleMapping lifecycle mapping for MavenProject: eparking.pl:PersonService:1.0.0 @ /projects/eparking/workspace/eparking/PersonService/pom.xml.
2017-02-06 20:40:19,467 [Worker-8] INFO  o.e.m.j.i.AbstractJavaProjectConfigurator - Adding source folder /AccountService/src/main/java
2017-02-06 20:40:19,467 [Worker-8] INFO  o.e.m.j.i.AbstractJavaProjectConfigurator - Adding resource folder /AccountService/src/main/resources
2017-02-06 20:40:19,468 [Worker-8] INFO  o.e.m.j.i.AbstractJavaProjectConfigurator - Adding source folder /AccountService/src/test/java
2017-02-06 20:40:19,468 [Worker-8] INFO  o.e.m.j.i.AbstractJavaProjectConfigurator - Adding resource folder /AccountService/src/test/resources
2017-02-06 20:40:20,018 [Worker-8] INFO  o.e.m.j.i.AbstractJavaProjectConfigurator - Adding source folder /BillService/src/main/java
2017-02-06 20:40:20,018 [Worker-8] INFO  o.e.m.j.i.AbstractJavaProjectConfigurator - Adding resource folder /BillService/src/main/resources
2017-02-06 20:40:20,018 [Worker-8] INFO  o.e.m.j.i.AbstractJavaProjectConfigurator - Adding source folder /BillService/src/test/java
2017-02-06 20:40:20,019 [Worker-8] INFO  o.e.m.j.i.AbstractJavaProjectConfigurator - Adding resource folder /BillService/src/test/resources
2017-02-06 20:40:20,332 [Worker-8] INFO  o.e.m.j.i.AbstractJavaProjectConfigurator - Adding source folder /ControlService/src/main/java
2017-02-06 20:40:20,333 [Worker-8] INFO  o.e.m.j.i.AbstractJavaProjectConfigurator - Adding resource folder /ControlService/src/main/resources
2017-02-06 20:40:20,333 [Worker-8] INFO  o.e.m.j.i.AbstractJavaProjectConfigurator - Adding source folder /ControlService/src/test/java
2017-02-06 20:40:20,333 [Worker-8] INFO  o.e.m.j.i.AbstractJavaProjectConfigurator - Adding resource folder /ControlService/src/test/resources
2017-02-06 20:40:21,653 [Worker-8] INFO  o.e.m.j.i.AbstractJavaProjectConfigurator - Adding source folder /EparkingServiceRepository/src/main/java
2017-02-06 20:40:21,653 [Worker-8] INFO  o.e.m.j.i.AbstractJavaProjectConfigurator - Adding resource folder /EparkingServiceRepository/src/main/resources
2017-02-06 20:40:21,653 [Worker-8] INFO  o.e.m.j.i.AbstractJavaProjectConfigurator - Adding source folder /EparkingServiceRepository/src/test/java
2017-02-06 20:40:21,653 [Worker-8] INFO  o.e.m.j.i.AbstractJavaProjectConfigurator - Adding resource folder /EparkingServiceRepository/src/test/resources
2017-02-06 20:40:22,095 [Worker-8] INFO  o.e.m.j.i.AbstractJavaProjectConfigurator - Adding source folder /ErrorHandlerService/src/main/java
2017-02-06 20:40:22,095 [Worker-8] INFO  o.e.m.j.i.AbstractJavaProjectConfigurator - Adding resource folder /ErrorHandlerService/src/main/resources
2017-02-06 20:40:22,095 [Worker-8] INFO  o.e.m.j.i.AbstractJavaProjectConfigurator - Adding source folder /ErrorHandlerService/src/test/java
2017-02-06 20:40:22,095 [Worker-8] INFO  o.e.m.j.i.AbstractJavaProjectConfigurator - Adding resource folder /ErrorHandlerService/src/test/resources
2017-02-06 20:40:22,426 [Worker-8] INFO  o.e.m.j.i.AbstractJavaProjectConfigurator - Adding source folder /ParkingService/src/main/java
2017-02-06 20:40:22,426 [Worker-8] INFO  o.e.m.j.i.AbstractJavaProjectConfigurator - Adding resource folder /ParkingService/src/main/resources
2017-02-06 20:40:22,426 [Worker-8] INFO  o.e.m.j.i.AbstractJavaProjectConfigurator - Adding source folder /ParkingService/src/test/java
2017-02-06 20:40:22,426 [Worker-8] INFO  o.e.m.j.i.AbstractJavaProjectConfigurator - Adding resource folder /ParkingService/src/test/resources
2017-02-06 20:40:24,397 [Worker-8] INFO  o.e.m.j.i.AbstractJavaProjectConfigurator - Adding source folder /PersonService/src/main/java
2017-02-06 20:40:24,397 [Worker-8] INFO  o.e.m.j.i.AbstractJavaProjectConfigurator - Adding resource folder /PersonService/src/main/resources
2017-02-06 20:40:24,397 [Worker-8] INFO  o.e.m.j.i.AbstractJavaProjectConfigurator - Adding source folder /PersonService/src/test/java
2017-02-06 20:40:24,397 [Worker-8] INFO  o.e.m.j.i.AbstractJavaProjectConfigurator - Adding resource folder /PersonService/src/test/resources
2017-02-06 20:40:24,878 [Worker-8] INFO  o.e.m.w.i.f.ResourceFilteringBuildParticipant - Cleaning filtered folder for AccountService
2017-02-06 20:40:24,888 [Worker-8] INFO  o.e.m.w.i.f.ResourceFilteringBuildParticipant - Cleaning filtered folder for BillService
2017-02-06 20:40:24,898 [Worker-8] INFO  o.e.m.w.i.f.ResourceFilteringBuildParticipant - Cleaning filtered folder for ControlService
2017-02-06 20:40:24,913 [Worker-8] INFO  o.e.m.w.i.f.ResourceFilteringBuildParticipant - Cleaning filtered folder for EparkingServiceRepository
2017-02-06 20:40:24,920 [Worker-8] INFO  o.e.m.w.i.f.ResourceFilteringBuildParticipant - Cleaning filtered folder for ErrorHandlerService
2017-02-06 20:40:24,931 [Worker-8] INFO  o.e.m.w.i.f.ResourceFilteringBuildParticipant - Cleaning filtered folder for ParkingService
2017-02-06 20:40:24,945 [Worker-8] INFO  o.e.m.w.i.f.ResourceFilteringBuildParticipant - Cleaning filtered folder for PersonService
2017-02-06 20:40:24,946 [Worker-8] INFO  o.e.m.c.i.p.ProjectConfigurationManager - Update completed: 8 sec
2017-02-06 20:40:39,511 [Worker-10] INFO  o.e.m.i.launch.MavenLaunchDelegate - /projects/eparking/workspace/eparking/Eparking
2017-02-06 20:40:39,511 [Worker-10] INFO  o.e.m.i.launch.MavenLaunchDelegate -  mvn -B -s /projects/eparking/maven/apache-maven-3.3.9/conf/settings.xml install
2017-02-06 20:41:41,514 [Worker-6] INFO  o.e.m.c.i.p.ProjectConfigurationManager - Update started
2017-02-06 20:41:41,750 [Worker-6] INFO  o.e.m.c.i.l.LifecycleMappingFactory - Using org.maven.ide.eclipse.wtp.WarLifecycleMapping lifecycle mapping for MavenProject: eparking.pl:AccountService:1.0.0 @ /projects/eparking/workspace/eparking/AccountService/pom.xml.
2017-02-06 20:41:41,845 [Worker-6] INFO  o.e.m.c.i.l.LifecycleMappingFactory - Using org.maven.ide.eclipse.wtp.WarLifecycleMapping lifecycle mapping for MavenProject: eparking.pl:BillService:1.0.0 @ /projects/eparking/workspace/eparking/BillService/pom.xml.
2017-02-06 20:41:41,874 [Worker-6] INFO  o.e.m.c.i.l.LifecycleMappingFactory - Using org.maven.ide.eclipse.wtp.WarLifecycleMapping lifecycle mapping for MavenProject: eparking.pl:ControlService:1.0.0 @ /projects/eparking/workspace/eparking/ControlService/pom.xml.
2017-02-06 20:41:41,900 [Worker-6] INFO  o.e.m.c.i.l.LifecycleMappingFactory - Using NULL lifecycle mapping for MavenProject: pl.eparking:Eparking:1.0.0 @ /projects/eparking/workspace/eparking/Eparking/pom.xml.
2017-02-06 20:41:41,916 [Worker-6] INFO  o.e.m.c.i.l.LifecycleMappingFactory - Using org.maven.ide.eclipse.wtp.WarLifecycleMapping lifecycle mapping for MavenProject: eparking.pl:EparkingServiceRepository:1.0.0 @ /projects/eparking/workspace/eparking/EparkingServiceRepository/pom.xml.
2017-02-06 20:41:42,023 [Worker-6] INFO  o.e.m.c.i.l.LifecycleMappingFactory - Using org.maven.ide.eclipse.wtp.WarLifecycleMapping lifecycle mapping for MavenProject: eparking.pl:ErrorHandlerService:1.0.0 @ /projects/eparking/workspace/eparking/ErrorHandlerService/pom.xml.
2017-02-06 20:41:42,065 [Worker-6] INFO  o.e.m.c.i.l.LifecycleMappingFactory - Using org.maven.ide.eclipse.wtp.WarLifecycleMapping lifecycle mapping for MavenProject: eparking.pl:ParkingService:1.0.0 @ /projects/eparking/workspace/eparking/ParkingService/pom.xml.
2017-02-06 20:41:42,142 [Worker-6] INFO  o.e.m.c.i.l.LifecycleMappingFactory - Using org.maven.ide.eclipse.wtp.WarLifecycleMapping lifecycle mapping for MavenProject: eparking.pl:PersonService:1.0.0 @ /projects/eparking/workspace/eparking/PersonService/pom.xml.
2017-02-06 20:41:43,756 [Worker-6] INFO  o.e.m.j.i.AbstractJavaProjectConfigurator - Adding source folder /AccountService/src/main/java
2017-02-06 20:41:43,756 [Worker-6] INFO  o.e.m.j.i.AbstractJavaProjectConfigurator - Adding resource folder /AccountService/src/main/resources
2017-02-06 20:41:43,756 [Worker-6] INFO  o.e.m.j.i.AbstractJavaProjectConfigurator - Adding source folder /AccountService/src/test/java
2017-02-06 20:41:43,757 [Worker-6] INFO  o.e.m.j.i.AbstractJavaProjectConfigurator - Adding resource folder /AccountService/src/test/resources
2017-02-06 20:41:43,942 [Worker-6] INFO  o.e.m.j.i.AbstractJavaProjectConfigurator - Adding source folder /BillService/src/main/java
2017-02-06 20:41:43,942 [Worker-6] INFO  o.e.m.j.i.AbstractJavaProjectConfigurator - Adding resource folder /BillService/src/main/resources
2017-02-06 20:41:43,942 [Worker-6] INFO  o.e.m.j.i.AbstractJavaProjectConfigurator - Adding source folder /BillService/src/test/java
2017-02-06 20:41:43,942 [Worker-6] INFO  o.e.m.j.i.AbstractJavaProjectConfigurator - Adding resource folder /BillService/src/test/resources
2017-02-06 20:41:44,113 [Worker-6] INFO  o.e.m.j.i.AbstractJavaProjectConfigurator - Adding source folder /ControlService/src/main/java
2017-02-06 20:41:44,113 [Worker-6] INFO  o.e.m.j.i.AbstractJavaProjectConfigurator - Adding resource folder /ControlService/src/main/resources
2017-02-06 20:41:44,113 [Worker-6] INFO  o.e.m.j.i.AbstractJavaProjectConfigurator - Adding source folder /ControlService/src/test/java
2017-02-06 20:41:44,113 [Worker-6] INFO  o.e.m.j.i.AbstractJavaProjectConfigurator - Adding resource folder /ControlService/src/test/resources
2017-02-06 20:41:44,800 [Worker-6] INFO  o.e.m.j.i.AbstractJavaProjectConfigurator - Adding source folder /EparkingServiceRepository/src/main/java
2017-02-06 20:41:44,800 [Worker-6] INFO  o.e.m.j.i.AbstractJavaProjectConfigurator - Adding resource folder /EparkingServiceRepository/src/main/resources
2017-02-06 20:41:44,801 [Worker-6] INFO  o.e.m.j.i.AbstractJavaProjectConfigurator - Adding source folder /EparkingServiceRepository/src/test/java
2017-02-06 20:41:44,801 [Worker-6] INFO  o.e.m.j.i.AbstractJavaProjectConfigurator - Adding resource folder /EparkingServiceRepository/src/test/resources
2017-02-06 20:41:45,186 [Worker-6] INFO  o.e.m.j.i.AbstractJavaProjectConfigurator - Adding source folder /ErrorHandlerService/src/main/java
2017-02-06 20:41:45,186 [Worker-6] INFO  o.e.m.j.i.AbstractJavaProjectConfigurator - Adding resource folder /ErrorHandlerService/src/main/resources
2017-02-06 20:41:45,187 [Worker-6] INFO  o.e.m.j.i.AbstractJavaProjectConfigurator - Adding source folder /ErrorHandlerService/src/test/java
2017-02-06 20:41:45,187 [Worker-6] INFO  o.e.m.j.i.AbstractJavaProjectConfigurator - Adding resource folder /ErrorHandlerService/src/test/resources
2017-02-06 20:41:45,297 [Worker-6] INFO  o.e.m.j.i.AbstractJavaProjectConfigurator - Adding source folder /ParkingService/src/main/java
2017-02-06 20:41:45,297 [Worker-6] INFO  o.e.m.j.i.AbstractJavaProjectConfigurator - Adding resource folder /ParkingService/src/main/resources
2017-02-06 20:41:45,298 [Worker-6] INFO  o.e.m.j.i.AbstractJavaProjectConfigurator - Adding source folder /ParkingService/src/test/java
2017-02-06 20:41:45,298 [Worker-6] INFO  o.e.m.j.i.AbstractJavaProjectConfigurator - Adding resource folder /ParkingService/src/test/resources
2017-02-06 20:41:45,667 [Worker-6] INFO  o.e.m.j.i.AbstractJavaProjectConfigurator - Adding source folder /PersonService/src/main/java
2017-02-06 20:41:45,668 [Worker-6] INFO  o.e.m.j.i.AbstractJavaProjectConfigurator - Adding resource folder /PersonService/src/main/resources
2017-02-06 20:41:45,668 [Worker-6] INFO  o.e.m.j.i.AbstractJavaProjectConfigurator - Adding source folder /PersonService/src/test/java
2017-02-06 20:41:45,668 [Worker-6] INFO  o.e.m.j.i.AbstractJavaProjectConfigurator - Adding resource folder /PersonService/src/test/resources
2017-02-06 20:41:46,107 [Worker-6] INFO  o.e.m.w.i.f.ResourceFilteringBuildParticipant - Cleaning filtered folder for AccountService
2017-02-06 20:41:46,123 [Worker-6] INFO  o.e.m.w.i.f.ResourceFilteringBuildParticipant - Cleaning filtered folder for BillService
2017-02-06 20:41:46,129 [Worker-6] INFO  o.e.m.w.i.f.ResourceFilteringBuildParticipant - Cleaning filtered folder for ControlService
2017-02-06 20:41:46,153 [Worker-6] INFO  o.e.m.w.i.f.ResourceFilteringBuildParticipant - Cleaning filtered folder for EparkingServiceRepository
2017-02-06 20:41:46,172 [Worker-6] INFO  o.e.m.w.i.f.ResourceFilteringBuildParticipant - Cleaning filtered folder for ErrorHandlerService
2017-02-06 20:41:46,182 [Worker-6] INFO  o.e.m.w.i.f.ResourceFilteringBuildParticipant - Cleaning filtered folder for ParkingService
2017-02-06 20:41:46,197 [Worker-6] INFO  o.e.m.w.i.f.ResourceFilteringBuildParticipant - Cleaning filtered folder for PersonService
2017-02-06 20:41:46,198 [Worker-6] INFO  o.e.m.c.i.p.ProjectConfigurationManager - Update completed: 4 sec
2017-02-06 20:41:57,917 [Worker-5] INFO  o.e.m.i.launch.MavenLaunchDelegate - /projects/eparking/workspace/eparking/Eparking
2017-02-06 20:41:57,918 [Worker-5] INFO  o.e.m.i.launch.MavenLaunchDelegate -  mvn -B -s /projects/eparking/maven/apache-maven-3.3.9/conf/settings.xml install
2017-02-06 20:42:22,661 [main] INFO  o.e.m2e.actions.ExecutePomAction - Creating new launch configuration
2017-02-06 20:43:43,770 [Worker-8] INFO  o.e.m.i.launch.MavenLaunchDelegate - /projects/eparking/workspace/eparking/Eparking
2017-02-06 20:43:43,770 [Worker-8] INFO  o.e.m.i.launch.MavenLaunchDelegate -  mvn -B -s /projects/eparking/maven/apache-maven-3.3.9/conf/settings.xml clean tomcat7:redeploy
2017-02-06 20:49:11,865 [Worker-17] INFO  o.e.m.i.launch.MavenLaunchDelegate - /projects/eparking/workspace/eparking/Eparking
2017-02-06 20:49:11,865 [Worker-17] INFO  o.e.m.i.launch.MavenLaunchDelegate -  mvn -B -s /projects/eparking/maven/apache-maven-3.3.9/conf/settings.xml clean
