This file contains any messages produced by compilers while
running configure, to aid debugging if configure makes a mistake.

It was created by configure, which was
generated by GNU Autoconf 2.69.  Invocation command line was

  $ ./configure 

## --------- ##
## Platform. ##
## --------- ##

hostname = kuba
uname -m = x86_64
uname -r = 4.4.0-42-generic
uname -s = Linux
uname -v = #62-Ubuntu SMP Fri Oct 7 23:11:45 UTC 2016

/usr/bin/uname -p = unknown
/bin/uname -X     = unknown

/bin/arch              = unknown
/usr/bin/arch -k       = unknown
/usr/convex/getsysinfo = unknown
/usr/bin/hostinfo      = unknown
/bin/machine           = unknown
/usr/bin/oslevel       = unknown
/bin/universe          = unknown

PATH: /usr/local/sbin
PATH: /usr/local/bin
PATH: /usr/sbin
PATH: /usr/bin
PATH: /sbin
PATH: /bin
PATH: /snap/bin


## ----------- ##
## Core tests. ##
## ----------- ##

configure:2109: checking build system type
configure:2123: result: x86_64-unknown-linux-gnu
configure:2143: checking host system type
configure:2156: result: x86_64-unknown-linux-gnu
configure:2176: checking target system type
configure:2189: result: x86_64-unknown-linux-gnu
configure:2230: checking for a BSD-compatible install
configure:2298: result: /usr/bin/install -c
configure:2316: checking for working mkdir -p
configure:2332: result: yes
configure:2425: checking for chosen layout
configure:2427: result: tcnative
configure:2582: checking for APR
configure:2661: result: yes
configure:2684: APR 1.5.2 detected.
configure:2809: checking for JDK os include directory
configure:2968: checking for gcc
configure:2995: result: x86_64-linux-gnu-gcc
configure:3224: checking for C compiler version
configure:3233: x86_64-linux-gnu-gcc --version >&5
x86_64-linux-gnu-gcc (Ubuntu 5.4.0-6ubuntu1~16.04.2) 5.4.0 20160609
Copyright (C) 2015 Free Software Foundation, Inc.
This is free software; see the source for copying conditions.  There is NO
warranty; not even for MERCHANTABILITY or FITNESS FOR A PARTICULAR PURPOSE.

configure:3244: $? = 0
configure:3233: x86_64-linux-gnu-gcc -v >&5
Using built-in specs.
COLLECT_GCC=x86_64-linux-gnu-gcc
COLLECT_LTO_WRAPPER=/usr/lib/gcc/x86_64-linux-gnu/5/lto-wrapper
Target: x86_64-linux-gnu
Configured with: ../src/configure -v --with-pkgversion='Ubuntu 5.4.0-6ubuntu1~16.04.2' --with-bugurl=file:///usr/share/doc/gcc-5/README.Bugs --enable-languages=c,ada,c++,java,go,d,fortran,objc,obj-c++ --prefix=/usr --program-suffix=-5 --enable-shared --enable-linker-build-id --libexecdir=/usr/lib --without-included-gettext --enable-threads=posix --libdir=/usr/lib --enable-nls --with-sysroot=/ --enable-clocale=gnu --enable-libstdcxx-debug --enable-libstdcxx-time=yes --with-default-libstdcxx-abi=new --enable-gnu-unique-object --disable-vtable-verify --enable-libmpx --enable-plugin --with-system-zlib --disable-browser-plugin --enable-java-awt=gtk --enable-gtk-cairo --with-java-home=/usr/lib/jvm/java-1.5.0-gcj-5-amd64/jre --enable-java-home --with-jvm-root-dir=/usr/lib/jvm/java-1.5.0-gcj-5-amd64 --with-jvm-jar-dir=/usr/lib/jvm-exports/java-1.5.0-gcj-5-amd64 --with-arch-directory=amd64 --with-ecj-jar=/usr/share/java/eclipse-ecj.jar --enable-objc-gc --enable-multiarch --disable-werror --with-arch-32=i686 --with-abi=m64 --with-multilib-list=m32,m64,mx32 --enable-multilib --with-tune=generic --enable-checking=release --build=x86_64-linux-gnu --host=x86_64-linux-gnu --target=x86_64-linux-gnu
Thread model: posix
gcc version 5.4.0 20160609 (Ubuntu 5.4.0-6ubuntu1~16.04.2) 
configure:3244: $? = 0
configure:3233: x86_64-linux-gnu-gcc -V >&5
x86_64-linux-gnu-gcc: error: unrecognized command line option '-V'
x86_64-linux-gnu-gcc: fatal error: no input files
compilation terminated.
configure:3244: $? = 1
configure:3233: x86_64-linux-gnu-gcc -qversion >&5
x86_64-linux-gnu-gcc: error: unrecognized command line option '-qversion'
x86_64-linux-gnu-gcc: fatal error: no input files
compilation terminated.
configure:3244: $? = 1
configure:3264: checking whether the C compiler works
configure:3286: x86_64-linux-gnu-gcc    conftest.c  >&5
configure:3290: $? = 0
configure:3338: result: yes
configure:3341: checking for C compiler default output file name
configure:3343: result: a.out
configure:3349: checking for suffix of executables
configure:3356: x86_64-linux-gnu-gcc -o conftest    conftest.c  >&5
configure:3360: $? = 0
configure:3382: result: 
configure:3404: checking whether we are cross compiling
configure:3412: x86_64-linux-gnu-gcc -o conftest    conftest.c  >&5
configure:3416: $? = 0
configure:3423: ./conftest
configure:3427: $? = 0
configure:3442: result: no
configure:3447: checking for suffix of object files
configure:3469: x86_64-linux-gnu-gcc -c   conftest.c >&5
configure:3473: $? = 0
configure:3494: result: o
configure:3498: checking whether we are using the GNU C compiler
configure:3517: x86_64-linux-gnu-gcc -c   conftest.c >&5
configure:3517: $? = 0
configure:3526: result: yes
configure:3535: checking whether x86_64-linux-gnu-gcc accepts -g
configure:3555: x86_64-linux-gnu-gcc -c -g  conftest.c >&5
configure:3555: $? = 0
configure:3596: result: yes
configure:3613: checking for x86_64-linux-gnu-gcc option to accept ISO C89
configure:3676: x86_64-linux-gnu-gcc  -c -g -O2  conftest.c >&5
configure:3676: $? = 0
configure:3689: result: none needed
configure:3711: checking for OpenSSL library
configure:3789: result: using openssl from /usr/lib and /usr/include
configure:3804: checking OpenSSL library version >= 1.0.2
configure:3825: x86_64-linux-gnu-gcc -o conftest -g -O2    conftest.c  -lssl -lcrypto >&5
conftest.c: In function 'main':
conftest.c:15:12: warning: format '%x' expects argument of type 'unsigned int', but argument 2 has type 'long int' [-Wformat=]
     printf("\n\nFound   OPENSSL_VERSION_NUMBER %#010x (" OPENSSL_VERSION_TEXT ")\n",
            ^
configure:3825: $? = 0
configure:3825: ./conftest
configure:3825: $? = 0
configure:3826: result: ok
configure:3842: checking for OpenSSL DSA support
configure:3848: result: yes
configure:4061: checking for apr_pollset_wakeup in -lapr-1
configure:4086: x86_64-linux-gnu-gcc -o conftest -g -O2 -DHAVE_OPENSSL  -I/usr/include/apr-1.0    conftest.c -lapr-1    -L/usr/lib/x86_64-linux-gnu -lapr-1  >&5
configure:4086: $? = 0
configure:4095: result: yes
configure:4322: creating ./config.status

## ---------------------- ##
## Running config.status. ##
## ---------------------- ##

This file was extended by config.status, which was
generated by GNU Autoconf 2.69.  Invocation command line was

  CONFIG_FILES    = 
  CONFIG_HEADERS  = 
  CONFIG_LINKS    = 
  CONFIG_COMMANDS = 
  $ ./config.status 

on kuba

config.status:768: creating tcnative.pc
config.status:768: creating Makefile
config.status:934: executing default commands

## ---------------- ##
## Cache variables. ##
## ---------------- ##

ac_cv_build=x86_64-unknown-linux-gnu
ac_cv_c_compiler_gnu=yes
ac_cv_env_CC_set=
ac_cv_env_CC_value=
ac_cv_env_CFLAGS_set=
ac_cv_env_CFLAGS_value=
ac_cv_env_CPPFLAGS_set=
ac_cv_env_CPPFLAGS_value=
ac_cv_env_LDFLAGS_set=
ac_cv_env_LDFLAGS_value=
ac_cv_env_LIBS_set=
ac_cv_env_LIBS_value=
ac_cv_env_build_alias_set=
ac_cv_env_build_alias_value=
ac_cv_env_host_alias_set=
ac_cv_env_host_alias_value=
ac_cv_env_target_alias_set=
ac_cv_env_target_alias_value=
ac_cv_host=x86_64-unknown-linux-gnu
ac_cv_lib_apr_1_apr_pollset_wakeup=yes
ac_cv_mkdir_p=yes
ac_cv_objext=o
ac_cv_path_install='/usr/bin/install -c'
ac_cv_prog_ac_ct_CC=x86_64-linux-gnu-gcc
ac_cv_prog_cc_c89=
ac_cv_prog_cc_g=yes
ac_cv_target=x86_64-unknown-linux-gnu

## ----------------- ##
## Output variables. ##
## ----------------- ##

APR_BUILD_DIR='/usr/share/apr-1.0/build'
APR_INCLUDES=' -I/usr/include/apr-1.0 '
APR_LIBS=' -L/usr/lib/x86_64-linux-gnu -lapr-1 '
APR_LIBTOOL_LIBS=' /usr/lib/x86_64-linux-gnu/libapr-1.la '
CC='x86_64-linux-gnu-gcc'
CFLAGS='-g -O2 -DHAVE_OPENSSL -DHAVE_POLLSET_WAKEUP'
CPPFLAGS=''
DEFS='-DPACKAGE_NAME=\"\" -DPACKAGE_TARNAME=\"\" -DPACKAGE_VERSION=\"\" -DPACKAGE_STRING=\"\" -DPACKAGE_BUGREPORT=\"\" -DPACKAGE_URL=\"\" -DHAVE_OPENSSL_DSA=1'
ECHO_C=''
ECHO_N='-n'
ECHO_T=''
EXEEXT=''
EXTRA_OS_LINK=''
INCLUDE_OUTPUTS='include /projects/eparking/tomcat/apache-tomcat-8.0.36/bin/tomcat-native-1.2.7-src/native/build-outputs.mk'
INCLUDE_RULES='include /projects/eparking/tomcat/apache-tomcat-8.0.36/bin/tomcat-native-1.2.7-src/native/build/rules.mk'
INSTALL_DATA='${INSTALL} -m 644'
INSTALL_PROGRAM='${INSTALL}'
INSTALL_SCRIPT='${INSTALL}'
JAVA_HOME='/usr/lib/jvm/java-8-oracle'
JAVA_OS='linux'
JAVA_PLATFORM=''
LDFLAGS=''
LIBOBJS=''
LIBS=''
LTLIBOBJS=''
OBJEXT='o'
PACKAGE_BUGREPORT=''
PACKAGE_NAME=''
PACKAGE_STRING=''
PACKAGE_TARNAME=''
PACKAGE_URL=''
PACKAGE_VERSION=''
PATH_SEPARATOR=':'
SHELL='/bin/bash'
TCNATIVE_DOTTED_VERSION='1.2.7'
TCNATIVE_EXPORT_LIBS=''
TCNATIVE_INCLUDES=''
TCNATIVE_LDFLAGS='-lssl -lcrypto'
TCNATIVE_LIBNAME='tcnative-${TCNATIVE_MAJOR_VERSION}'
TCNATIVE_LIBS=' /usr/lib/x86_64-linux-gnu/libapr-1.la '
TCNATIVE_LIBTOOL_VERSION='2:7:2'
TCNATIVE_MAJOR_VERSION='1'
TCNATIVE_PRIV_INCLUDES='-I/projects/eparking/tomcat/apache-tomcat-8.0.36/bin/tomcat-native-1.2.7-src/native/include -I/usr/lib/jvm/java-8-oracle/include -I/usr/lib/jvm/java-8-oracle/include/linux'
TCN_CONFIG_LOCATION='source'
abs_builddir='/projects/eparking/tomcat/apache-tomcat-8.0.36/bin/tomcat-native-1.2.7-src/native'
abs_srcdir='/projects/eparking/tomcat/apache-tomcat-8.0.36/bin/tomcat-native-1.2.7-src/native'
ac_ct_CC='x86_64-linux-gnu-gcc'
bindir='${exec_prefix}/bin'
build='x86_64-unknown-linux-gnu'
build_alias=''
build_cpu='x86_64'
build_os='linux-gnu'
build_vendor='unknown'
datadir='${prefix}'
datarootdir='${prefix}/share'
docdir='${datarootdir}/doc/${PACKAGE}'
dvidir='${docdir}'
exec_prefix='${prefix}'
host='x86_64-unknown-linux-gnu'
host_alias='Linux'
host_cpu='x86_64'
host_os='linux-gnu'
host_vendor='unknown'
htmldir='${docdir}'
includedir='${prefix}/include/apr-${TCNATIVE_MAJOR_VERSION}'
infodir='${datarootdir}/info'
lib_target='-rpath $(libdir) $(OBJECTS)'
libdir='${exec_prefix}/lib'
libexecdir='${exec_prefix}/modules'
localedir='${datarootdir}/locale'
localstatedir='${prefix}'
mandir='${prefix}/man'
oldincludedir='/usr/include'
pdfdir='${docdir}'
prefix='/usr/local/apr'
program_transform_name='s,x,x,'
psdir='${docdir}'
sbindir='${exec_prefix}/bin'
sharedstatedir='${prefix}/com'
so_ext='lo'
sysconfdir='${prefix}/conf'
target='x86_64-unknown-linux-gnu'
target_alias=''
target_cpu='x86_64'
target_os='linux-gnu'
target_vendor='unknown'
top_builddir='/projects/eparking/tomcat/apache-tomcat-8.0.36/bin/tomcat-native-1.2.7-src/native'

## ----------- ##
## confdefs.h. ##
## ----------- ##

/* confdefs.h */
#define PACKAGE_NAME ""
#define PACKAGE_TARNAME ""
#define PACKAGE_VERSION ""
#define PACKAGE_STRING ""
#define PACKAGE_BUGREPORT ""
#define PACKAGE_URL ""
#define HAVE_OPENSSL_DSA 1

configure: exit 0
